<?xml version="1.0" encoding="UTF-8"?>
<testsuite name="guru.aguilar.fasttrack.FastTrackApplicationTests" tests="1" skipped="0" failures="0" errors="0" timestamp="2020-05-24T23:49:51" hostname="base" time="6.028">
  <properties/>
  <testcase name="contextLoads()" classname="guru.aguilar.fasttrack.FastTrackApplicationTests" time="6.028"/>
  <system-out><![CDATA[17:49:41.055 [Test worker] DEBUG org.springframework.test.context.BootstrapUtils - Instantiating CacheAwareContextLoaderDelegate from class [org.springframework.test.context.cache.DefaultCacheAwareContextLoaderDelegate]
17:49:41.079 [Test worker] DEBUG org.springframework.test.context.BootstrapUtils - Instantiating BootstrapContext using constructor [public org.springframework.test.context.support.DefaultBootstrapContext(java.lang.Class,org.springframework.test.context.CacheAwareContextLoaderDelegate)]
17:49:41.124 [Test worker] DEBUG org.springframework.test.context.BootstrapUtils - Instantiating TestContextBootstrapper for test class [guru.aguilar.fasttrack.FastTrackApplicationTests] from class [org.springframework.boot.test.context.SpringBootTestContextBootstrapper]
17:49:41.176 [Test worker] INFO org.springframework.boot.test.context.SpringBootTestContextBootstrapper - Neither @ContextConfiguration nor @ContextHierarchy found for test class [guru.aguilar.fasttrack.FastTrackApplicationTests], using SpringBootContextLoader
17:49:41.182 [Test worker] DEBUG org.springframework.test.context.support.AbstractContextLoader - Did not detect default resource location for test class [guru.aguilar.fasttrack.FastTrackApplicationTests]: class path resource [guru/aguilar/fasttrack/FastTrackApplicationTests-context.xml] does not exist
17:49:41.182 [Test worker] DEBUG org.springframework.test.context.support.AbstractContextLoader - Did not detect default resource location for test class [guru.aguilar.fasttrack.FastTrackApplicationTests]: class path resource [guru/aguilar/fasttrack/FastTrackApplicationTestsContext.groovy] does not exist
17:49:41.183 [Test worker] INFO org.springframework.test.context.support.AbstractContextLoader - Could not detect default resource locations for test class [guru.aguilar.fasttrack.FastTrackApplicationTests]: no resource found for suffixes {-context.xml, Context.groovy}.
17:49:41.184 [Test worker] INFO org.springframework.test.context.support.AnnotationConfigContextLoaderUtils - Could not detect default configuration classes for test class [guru.aguilar.fasttrack.FastTrackApplicationTests]: FastTrackApplicationTests does not declare any static, non-private, non-final, nested classes annotated with @Configuration.
17:49:41.294 [Test worker] DEBUG org.springframework.test.context.support.ActiveProfilesUtils - Could not find an 'annotation declaring class' for annotation type [org.springframework.test.context.ActiveProfiles] and class [guru.aguilar.fasttrack.FastTrackApplicationTests]
17:49:41.390 [Test worker] DEBUG org.springframework.context.annotation.ClassPathScanningCandidateComponentProvider - Identified candidate component class: file [/home/user/IdeaProjects/fast-track/build/classes/java/main/guru/aguilar/fasttrack/FastTrackApplication.class]
17:49:41.392 [Test worker] INFO org.springframework.boot.test.context.SpringBootTestContextBootstrapper - Found @SpringBootConfiguration guru.aguilar.fasttrack.FastTrackApplication for test class guru.aguilar.fasttrack.FastTrackApplicationTests
17:49:41.538 [Test worker] DEBUG org.springframework.boot.test.context.SpringBootTestContextBootstrapper - @TestExecutionListeners is not present for class [guru.aguilar.fasttrack.FastTrackApplicationTests]: using defaults.
17:49:41.539 [Test worker] INFO org.springframework.boot.test.context.SpringBootTestContextBootstrapper - Loaded default TestExecutionListener class names from location [META-INF/spring.factories]: [org.springframework.boot.test.autoconfigure.restdocs.RestDocsTestExecutionListener, org.springframework.boot.test.autoconfigure.web.client.MockRestServiceServerResetTestExecutionListener, org.springframework.boot.test.autoconfigure.web.servlet.MockMvcPrintOnlyOnFailureTestExecutionListener, org.springframework.boot.test.autoconfigure.web.servlet.WebDriverTestExecutionListener, org.springframework.boot.test.autoconfigure.webservices.client.MockWebServiceServerTestExecutionListener, org.springframework.boot.test.mock.mockito.MockitoTestExecutionListener, org.springframework.boot.test.mock.mockito.ResetMocksTestExecutionListener, org.springframework.test.context.web.ServletTestExecutionListener, org.springframework.test.context.support.DirtiesContextBeforeModesTestExecutionListener, org.springframework.test.context.support.DependencyInjectionTestExecutionListener, org.springframework.test.context.support.DirtiesContextTestExecutionListener, org.springframework.test.context.transaction.TransactionalTestExecutionListener, org.springframework.test.context.jdbc.SqlScriptsTestExecutionListener, org.springframework.test.context.event.EventPublishingTestExecutionListener]
17:49:41.563 [Test worker] INFO org.springframework.boot.test.context.SpringBootTestContextBootstrapper - Using TestExecutionListeners: [org.springframework.test.context.web.ServletTestExecutionListener@97122d4, org.springframework.test.context.support.DirtiesContextBeforeModesTestExecutionListener@41a5cf00, org.springframework.boot.test.mock.mockito.MockitoTestExecutionListener@4a051c70, org.springframework.boot.test.autoconfigure.SpringBootDependencyInjectionTestExecutionListener@3b811f, org.springframework.test.context.support.DirtiesContextTestExecutionListener@5c744e, org.springframework.test.context.transaction.TransactionalTestExecutionListener@6fee768a, org.springframework.test.context.jdbc.SqlScriptsTestExecutionListener@d6a119b, org.springframework.test.context.event.EventPublishingTestExecutionListener@51054a50, org.springframework.boot.test.autoconfigure.restdocs.RestDocsTestExecutionListener@3298aa3a, org.springframework.boot.test.autoconfigure.web.client.MockRestServiceServerResetTestExecutionListener@2e5ec0c5, org.springframework.boot.test.autoconfigure.web.servlet.MockMvcPrintOnlyOnFailureTestExecutionListener@7365ea5c, org.springframework.boot.test.autoconfigure.web.servlet.WebDriverTestExecutionListener@8c969aa, org.springframework.boot.test.autoconfigure.webservices.client.MockWebServiceServerTestExecutionListener@7f77dbf3, org.springframework.boot.test.mock.mockito.ResetMocksTestExecutionListener@27f76430]
17:49:41.571 [Test worker] DEBUG org.springframework.test.context.support.AbstractDirtiesContextTestExecutionListener - Before test class: context [DefaultTestContext@3506616a testClass = FastTrackApplicationTests, testInstance = [null], testMethod = [null], testException = [null], mergedContextConfiguration = [WebMergedContextConfiguration@12f5490b testClass = FastTrackApplicationTests, locations = '{}', classes = '{class guru.aguilar.fasttrack.FastTrackApplication}', contextInitializerClasses = '[]', activeProfiles = '{}', propertySourceLocations = '{}', propertySourceProperties = '{org.springframework.boot.test.context.SpringBootTestContextBootstrapper=true}', contextCustomizers = set[org.springframework.boot.test.autoconfigure.properties.PropertyMappingContextCustomizer@0, org.springframework.boot.test.autoconfigure.web.servlet.WebDriverContextCustomizerFactory$Customizer@143217f8, org.springframework.boot.test.context.filter.ExcludeFilterContextCustomizer@6c52822, org.springframework.boot.test.json.DuplicateJsonObjectContextCustomizerFactory$DuplicateJsonObjectContextCustomizer@af73030, org.springframework.boot.test.mock.mockito.MockitoContextCustomizer@0, org.springframework.boot.test.web.client.TestRestTemplateContextCustomizer@56cdc313, org.springframework.boot.test.context.SpringBootTestArgs@1], resourceBasePath = 'src/main/webapp', contextLoader = 'org.springframework.boot.test.context.SpringBootContextLoader', parent = [null]], attributes = map['org.springframework.test.context.web.ServletTestExecutionListener.activateListener' -> true]], class annotated with @DirtiesContext [false] with mode [null].
17:49:41.618 [Test worker] DEBUG org.springframework.test.context.support.TestPropertySourceUtils - Adding inlined properties to environment: {spring.jmx.enabled=false, org.springframework.boot.test.context.SpringBootTestContextBootstrapper=true}

  .   ____          _            __ _ _
 /\\ / ___'_ __ _ _(_)_ __  __ _ \ \ \ \
( ( )\___ | '_ | '_| | '_ \/ _` | \ \ \ \
 \\/  ___)| |_)| | | | | || (_| |  ) ) ) )
  '  |____| .__|_| |_|_| |_\__, | / / / /
 =========|_|==============|___/=/_/_/_/
 :: Spring Boot ::        (v2.3.0.RELEASE)

2020-05-24 17:49:42.129  INFO 47539 --- [    Test worker] g.a.fasttrack.FastTrackApplicationTests  : Starting FastTrackApplicationTests on base with PID 47539 (started by user in /home/user/IdeaProjects/fast-track)
2020-05-24 17:49:42.131  INFO 47539 --- [    Test worker] g.a.fasttrack.FastTrackApplicationTests  : No active profile set, falling back to default profiles: default
2020-05-24 17:49:45.447  INFO 47539 --- [    Test worker] .s.d.r.c.RepositoryConfigurationDelegate : Multiple Spring Data modules found, entering strict repository configuration mode!
2020-05-24 17:49:45.453  INFO 47539 --- [    Test worker] .s.d.r.c.RepositoryConfigurationDelegate : Bootstrapping Spring Data Redis repositories in DEFAULT mode.
2020-05-24 17:49:45.827  INFO 47539 --- [    Test worker] .s.d.r.c.RepositoryConfigurationDelegate : Finished Spring Data repository scanning in 345ms. Found 1 Redis repository interfaces.
2020-05-24 17:49:46.710  INFO 47539 --- [    Test worker] trationDelegate$BeanPostProcessorChecker : Bean 'org.springframework.ws.config.annotation.DelegatingWsConfiguration' of type [org.springframework.ws.config.annotation.DelegatingWsConfiguration$$EnhancerBySpringCGLIB$$fa02da4f] is not eligible for getting processed by all BeanPostProcessors (for example: not eligible for auto-proxying)
2020-05-24 17:49:46.905  INFO 47539 --- [    Test worker] .w.s.a.s.AnnotationActionEndpointMapping : Supporting [WS-Addressing August 2004, WS-Addressing 1.0]
2020-05-24 17:49:47.538  WARN 47539 --- [    Test worker] o.s.d.rest.webmvc.halbrowser.HalBrowser  : ---
2020-05-24 17:49:47.539  WARN 47539 --- [    Test worker] o.s.d.rest.webmvc.halbrowser.HalBrowser  : Spring Data REST HAL Browser is deprecated! Prefer the HAL Explorer (artifactId: spring-data-rest-hal-explorer)!
2020-05-24 17:49:47.539  WARN 47539 --- [    Test worker] o.s.d.rest.webmvc.halbrowser.HalBrowser  : ---
2020-05-24 17:49:49.190  INFO 47539 --- [    Test worker] o.s.s.concurrent.ThreadPoolTaskExecutor  : Initializing ExecutorService 'applicationTaskExecutor'
2020-05-24 17:49:51.032  INFO 47539 --- [    Test worker] o.s.b.a.e.web.EndpointLinksResolver      : Exposing 13 endpoint(s) beneath base path '/actuator'
2020-05-24 17:49:51.129  INFO 47539 --- [    Test worker] g.a.fasttrack.FastTrackApplicationTests  : Started FastTrackApplicationTests in 9.496 seconds (JVM running for 11.591)
]]></system-out>
  <system-err><![CDATA[]]></system-err>
</testsuite>
