<?xml version="1.0" encoding="UTF-8"?>
<testsuite name="guru.aguilar.fasttrack.FastTrackApplicationTests" tests="1" skipped="0" failures="0" errors="0" timestamp="2020-05-24T17:11:08" hostname="base" time="0.962">
  <properties/>
  <testcase name="contextLoads()" classname="guru.aguilar.fasttrack.FastTrackApplicationTests" time="0.962"/>
  <system-out><![CDATA[11:10:58.498 [Test worker] DEBUG org.springframework.test.context.BootstrapUtils - Instantiating CacheAwareContextLoaderDelegate from class [org.springframework.test.context.cache.DefaultCacheAwareContextLoaderDelegate]
11:10:58.520 [Test worker] DEBUG org.springframework.test.context.BootstrapUtils - Instantiating BootstrapContext using constructor [public org.springframework.test.context.support.DefaultBootstrapContext(java.lang.Class,org.springframework.test.context.CacheAwareContextLoaderDelegate)]
11:10:58.577 [Test worker] DEBUG org.springframework.test.context.BootstrapUtils - Instantiating TestContextBootstrapper for test class [guru.aguilar.fasttrack.FastTrackApplicationTests] from class [org.springframework.boot.test.context.SpringBootTestContextBootstrapper]
11:10:58.613 [Test worker] INFO org.springframework.boot.test.context.SpringBootTestContextBootstrapper - Neither @ContextConfiguration nor @ContextHierarchy found for test class [guru.aguilar.fasttrack.FastTrackApplicationTests], using SpringBootContextLoader
11:10:58.621 [Test worker] DEBUG org.springframework.test.context.support.AbstractContextLoader - Did not detect default resource location for test class [guru.aguilar.fasttrack.FastTrackApplicationTests]: class path resource [guru/aguilar/fasttrack/FastTrackApplicationTests-context.xml] does not exist
11:10:58.624 [Test worker] DEBUG org.springframework.test.context.support.AbstractContextLoader - Did not detect default resource location for test class [guru.aguilar.fasttrack.FastTrackApplicationTests]: class path resource [guru/aguilar/fasttrack/FastTrackApplicationTestsContext.groovy] does not exist
11:10:58.626 [Test worker] INFO org.springframework.test.context.support.AbstractContextLoader - Could not detect default resource locations for test class [guru.aguilar.fasttrack.FastTrackApplicationTests]: no resource found for suffixes {-context.xml, Context.groovy}.
11:10:58.628 [Test worker] INFO org.springframework.test.context.support.AnnotationConfigContextLoaderUtils - Could not detect default configuration classes for test class [guru.aguilar.fasttrack.FastTrackApplicationTests]: FastTrackApplicationTests does not declare any static, non-private, non-final, nested classes annotated with @Configuration.
11:10:58.738 [Test worker] DEBUG org.springframework.test.context.support.ActiveProfilesUtils - Could not find an 'annotation declaring class' for annotation type [org.springframework.test.context.ActiveProfiles] and class [guru.aguilar.fasttrack.FastTrackApplicationTests]
11:10:58.911 [Test worker] DEBUG org.springframework.context.annotation.ClassPathScanningCandidateComponentProvider - Identified candidate component class: file [/home/user/IdeaProjects/fast-track/build/classes/java/main/guru/aguilar/fasttrack/FastTrackApplication.class]
11:10:58.913 [Test worker] INFO org.springframework.boot.test.context.SpringBootTestContextBootstrapper - Found @SpringBootConfiguration guru.aguilar.fasttrack.FastTrackApplication for test class guru.aguilar.fasttrack.FastTrackApplicationTests
11:10:59.282 [Test worker] DEBUG org.springframework.boot.test.context.SpringBootTestContextBootstrapper - @TestExecutionListeners is not present for class [guru.aguilar.fasttrack.FastTrackApplicationTests]: using defaults.
11:10:59.283 [Test worker] INFO org.springframework.boot.test.context.SpringBootTestContextBootstrapper - Loaded default TestExecutionListener class names from location [META-INF/spring.factories]: [org.springframework.boot.test.autoconfigure.restdocs.RestDocsTestExecutionListener, org.springframework.boot.test.autoconfigure.web.client.MockRestServiceServerResetTestExecutionListener, org.springframework.boot.test.autoconfigure.web.servlet.MockMvcPrintOnlyOnFailureTestExecutionListener, org.springframework.boot.test.autoconfigure.web.servlet.WebDriverTestExecutionListener, org.springframework.boot.test.autoconfigure.webservices.client.MockWebServiceServerTestExecutionListener, org.springframework.boot.test.mock.mockito.MockitoTestExecutionListener, org.springframework.boot.test.mock.mockito.ResetMocksTestExecutionListener, org.springframework.test.context.web.ServletTestExecutionListener, org.springframework.test.context.support.DirtiesContextBeforeModesTestExecutionListener, org.springframework.test.context.support.DependencyInjectionTestExecutionListener, org.springframework.test.context.support.DirtiesContextTestExecutionListener, org.springframework.test.context.transaction.TransactionalTestExecutionListener, org.springframework.test.context.jdbc.SqlScriptsTestExecutionListener, org.springframework.test.context.event.EventPublishingTestExecutionListener]
11:10:59.349 [Test worker] INFO org.springframework.boot.test.context.SpringBootTestContextBootstrapper - Using TestExecutionListeners: [org.springframework.test.context.web.ServletTestExecutionListener@10f17968, org.springframework.test.context.support.DirtiesContextBeforeModesTestExecutionListener@2388a084, org.springframework.boot.test.mock.mockito.MockitoTestExecutionListener@550ac463, org.springframework.boot.test.autoconfigure.SpringBootDependencyInjectionTestExecutionListener@3c9eb290, org.springframework.test.context.support.DirtiesContextTestExecutionListener@27bfb652, org.springframework.test.context.transaction.TransactionalTestExecutionListener@41d5bea1, org.springframework.test.context.jdbc.SqlScriptsTestExecutionListener@427f5324, org.springframework.test.context.event.EventPublishingTestExecutionListener@bbc63c9, org.springframework.boot.test.autoconfigure.restdocs.RestDocsTestExecutionListener@516b59ca, org.springframework.boot.test.autoconfigure.web.client.MockRestServiceServerResetTestExecutionListener@3d27c5f0, org.springframework.boot.test.autoconfigure.web.servlet.MockMvcPrintOnlyOnFailureTestExecutionListener@5795703, org.springframework.boot.test.autoconfigure.web.servlet.WebDriverTestExecutionListener@6db3ce4e, org.springframework.boot.test.autoconfigure.webservices.client.MockWebServiceServerTestExecutionListener@661d7f3b, org.springframework.boot.test.mock.mockito.ResetMocksTestExecutionListener@65162e4d]
11:10:59.355 [Test worker] DEBUG org.springframework.test.context.support.AbstractDirtiesContextTestExecutionListener - Before test class: context [DefaultTestContext@3bb80e64 testClass = FastTrackApplicationTests, testInstance = [null], testMethod = [null], testException = [null], mergedContextConfiguration = [WebMergedContextConfiguration@187fae2b testClass = FastTrackApplicationTests, locations = '{}', classes = '{class guru.aguilar.fasttrack.FastTrackApplication}', contextInitializerClasses = '[]', activeProfiles = '{}', propertySourceLocations = '{}', propertySourceProperties = '{org.springframework.boot.test.context.SpringBootTestContextBootstrapper=true}', contextCustomizers = set[org.springframework.boot.test.autoconfigure.properties.PropertyMappingContextCustomizer@0, org.springframework.boot.test.autoconfigure.web.servlet.WebDriverContextCustomizerFactory$Customizer@7a22e92e, org.springframework.boot.test.context.filter.ExcludeFilterContextCustomizer@19010277, org.springframework.boot.test.json.DuplicateJsonObjectContextCustomizerFactory$DuplicateJsonObjectContextCustomizer@7bc09eea, org.springframework.boot.test.mock.mockito.MockitoContextCustomizer@0, org.springframework.boot.test.web.client.TestRestTemplateContextCustomizer@6256da83, org.springframework.boot.test.context.SpringBootTestArgs@1], resourceBasePath = 'src/main/webapp', contextLoader = 'org.springframework.boot.test.context.SpringBootContextLoader', parent = [null]], attributes = map['org.springframework.test.context.web.ServletTestExecutionListener.activateListener' -> true]], class annotated with @DirtiesContext [false] with mode [null].
11:10:59.471 [Test worker] DEBUG org.springframework.test.context.support.TestPropertySourceUtils - Adding inlined properties to environment: {spring.jmx.enabled=false, org.springframework.boot.test.context.SpringBootTestContextBootstrapper=true}

  .   ____          _            __ _ _
 /\\ / ___'_ __ _ _(_)_ __  __ _ \ \ \ \
( ( )\___ | '_ | '_| | '_ \/ _` | \ \ \ \
 \\/  ___)| |_)| | | | | || (_| |  ) ) ) )
  '  |____| .__|_| |_|_| |_\__, | / / / /
 =========|_|==============|___/=/_/_/_/
 :: Spring Boot ::        (v2.3.0.RELEASE)

2020-05-24 11:11:00.787  INFO 19486 --- [    Test worker] g.a.fasttrack.FastTrackApplicationTests  : Starting FastTrackApplicationTests on base with PID 19486 (started by user in /home/user/IdeaProjects/fast-track)
2020-05-24 11:11:00.789  INFO 19486 --- [    Test worker] g.a.fasttrack.FastTrackApplicationTests  : No active profile set, falling back to default profiles: default
2020-05-24 11:11:02.993  INFO 19486 --- [    Test worker] .s.d.r.c.RepositoryConfigurationDelegate : Multiple Spring Data modules found, entering strict repository configuration mode!
2020-05-24 11:11:02.996  INFO 19486 --- [    Test worker] .s.d.r.c.RepositoryConfigurationDelegate : Bootstrapping Spring Data Redis repositories in DEFAULT mode.
2020-05-24 11:11:03.034  INFO 19486 --- [    Test worker] .s.d.r.c.RepositoryConfigurationDelegate : Finished Spring Data repository scanning in 19ms. Found 0 Redis repository interfaces.
2020-05-24 11:11:03.747  INFO 19486 --- [    Test worker] trationDelegate$BeanPostProcessorChecker : Bean 'org.springframework.ws.config.annotation.DelegatingWsConfiguration' of type [org.springframework.ws.config.annotation.DelegatingWsConfiguration$$EnhancerBySpringCGLIB$$c601add8] is not eligible for getting processed by all BeanPostProcessors (for example: not eligible for auto-proxying)
2020-05-24 11:11:04.257  INFO 19486 --- [    Test worker] .w.s.a.s.AnnotationActionEndpointMapping : Supporting [WS-Addressing August 2004, WS-Addressing 1.0]
2020-05-24 11:11:04.354  WARN 19486 --- [    Test worker] o.s.d.rest.webmvc.halbrowser.HalBrowser  : ---
2020-05-24 11:11:04.354  WARN 19486 --- [    Test worker] o.s.d.rest.webmvc.halbrowser.HalBrowser  : Spring Data REST HAL Browser is deprecated! Prefer the HAL Explorer (artifactId: spring-data-rest-hal-explorer)!
2020-05-24 11:11:04.354  WARN 19486 --- [    Test worker] o.s.d.rest.webmvc.halbrowser.HalBrowser  : ---
2020-05-24 11:11:06.337  INFO 19486 --- [    Test worker] o.s.s.concurrent.ThreadPoolTaskExecutor  : Initializing ExecutorService 'applicationTaskExecutor'
2020-05-24 11:11:08.050  INFO 19486 --- [    Test worker] o.s.b.a.e.web.EndpointLinksResolver      : Exposing 2 endpoint(s) beneath base path '/actuator'
2020-05-24 11:11:08.168  INFO 19486 --- [    Test worker] g.a.fasttrack.FastTrackApplicationTests  : Started FastTrackApplicationTests in 8.668 seconds (JVM running for 10.897)
]]></system-out>
  <system-err><![CDATA[]]></system-err>
</testsuite>
